<?xml version="1.0" encoding="UTF-8"?>
<!-- Generated by org.testng.reporters.JUnitReportReporter -->
<testsuite hostname="AR-IN-L-037" failures="0" tests="1" name="com.cucumweb.run.Executor" time="21.337" errors="0" timestamp="2024-04-29T22:46:02 IST" skipped="0">
  <testcase classname="com.cucumweb.run.Executor" name="runScenario" time="21.337"/>
</testsuite> <!-- com.cucumweb.run.Executor -->
